python3 -m venv .venv && . .venv/bin/activate && pip install -r requirements.txt && python scripts/init_db.py && pytest -q --junitxml=EVIDENCE/S06/test-report.xml
Requirement already satisfied: fastapi==0.115.0 in ./.venv/lib/python3.12/site-packages (from -r requirements.txt (line 2)) (0.115.0)
Requirement already satisfied: uvicorn==0.30.1 in ./.venv/lib/python3.12/site-packages (from -r requirements.txt (line 3)) (0.30.1)
Requirement already satisfied: jinja2==3.1.4 in ./.venv/lib/python3.12/site-packages (from -r requirements.txt (line 4)) (3.1.4)
Requirement already satisfied: pydantic==2.9.2 in ./.venv/lib/python3.12/site-packages (from -r requirements.txt (line 5)) (2.9.2)
Requirement already satisfied: pytest==8.3.2 in ./.venv/lib/python3.12/site-packages (from -r requirements.txt (line 6)) (8.3.2)
Requirement already satisfied: httpx==0.27.2 in ./.venv/lib/python3.12/site-packages (from -r requirements.txt (line 7)) (0.27.2)
Requirement already satisfied: starlette<0.39.0,>=0.37.2 in ./.venv/lib/python3.12/site-packages (from fastapi==0.115.0->-r requirements.txt (line 2)) (0.38.6)
Requirement already satisfied: typing-extensions>=4.8.0 in ./.venv/lib/python3.12/site-packages (from fastapi==0.115.0->-r requirements.txt (line 2)) (4.15.0)
Requirement already satisfied: click>=7.0 in ./.venv/lib/python3.12/site-packages (from uvicorn==0.30.1->-r requirements.txt (line 3)) (8.3.0)
Requirement already satisfied: h11>=0.8 in ./.venv/lib/python3.12/site-packages (from uvicorn==0.30.1->-r requirements.txt (line 3)) (0.16.0)
Requirement already satisfied: MarkupSafe>=2.0 in ./.venv/lib/python3.12/site-packages (from jinja2==3.1.4->-r requirements.txt (line 4)) (3.0.3)
Requirement already satisfied: annotated-types>=0.6.0 in ./.venv/lib/python3.12/site-packages (from pydantic==2.9.2->-r requirements.txt (line 5)) (0.7.0)
Requirement already satisfied: pydantic-core==2.23.4 in ./.venv/lib/python3.12/site-packages (from pydantic==2.9.2->-r requirements.txt (line 5)) (2.23.4)
Requirement already satisfied: iniconfig in ./.venv/lib/python3.12/site-packages (from pytest==8.3.2->-r requirements.txt (line 6)) (2.3.0)
Requirement already satisfied: packaging in ./.venv/lib/python3.12/site-packages (from pytest==8.3.2->-r requirements.txt (line 6)) (25.0)
Requirement already satisfied: pluggy<2,>=1.5 in ./.venv/lib/python3.12/site-packages (from pytest==8.3.2->-r requirements.txt (line 6)) (1.6.0)
Requirement already satisfied: anyio in ./.venv/lib/python3.12/site-packages (from httpx==0.27.2->-r requirements.txt (line 7)) (4.11.0)
Requirement already satisfied: certifi in ./.venv/lib/python3.12/site-packages (from httpx==0.27.2->-r requirements.txt (line 7)) (2025.10.5)
Requirement already satisfied: httpcore==1.* in ./.venv/lib/python3.12/site-packages (from httpx==0.27.2->-r requirements.txt (line 7)) (1.0.9)
Requirement already satisfied: idna in ./.venv/lib/python3.12/site-packages (from httpx==0.27.2->-r requirements.txt (line 7)) (3.11)
Requirement already satisfied: sniffio in ./.venv/lib/python3.12/site-packages (from httpx==0.27.2->-r requirements.txt (line 7)) (1.3.1)
DB initialized at /home/oleg/Documents/secdev-seed-s06-s08/app.db
..........                                                               [100%]
=============================== warnings summary ===============================
tests/test_xss_escaping.py::test_echo_should_escape_script_tags
tests/test_xss_escaping.py::test_echo
  /home/oleg/Documents/secdev-seed-s06-s08/.venv/lib/python3.12/site-packages/starlette/templating.py:161: DeprecationWarning: The `name` is not the first parameter anymore. The first parameter should be the `Request` instance.
  Replace `TemplateResponse(name, {"request": request})` by `TemplateResponse(request, name)`.
    warnings.warn(

-- Docs: https://docs.pytest.org/en/stable/how-to/capture-warnings.html
- generated xml file: /home/oleg/Documents/secdev-seed-s06-s08/EVIDENCE/S06/test-report.xml -
10 passed, 2 warnings in 0.48s
